app/build/intermediates/manifest_merge_blame_file/debug/manifest-merger-blame-debug-report.txt
1<?xml version="1.0" encoding="utf-8"?>
2<!--
3  ~ Copyright 2015 Department of Computer Science and Engineering, University of Moratuwa.
4  ~ Licensed under the Apache License, Version 2.0 (the "License");
5  ~ you may not use this file except in compliance with the License.
6  ~ You may obtain a copy of the License at
7  ~
8  ~                  http://www.apache.org/licenses/LICENSE-2.0
9  ~
10  ~ Unless required by applicable law or agreed to in writing, software
11  ~ distributed under the License is distributed on an "AS IS" BASIS,
12  ~ WITHOUT WARRANTIES OR CONDITIONS OF ANY KIND, either express or implied.
13  ~ See the License for the specific language governing permissions and
14  ~ limitations under the License.
15  ~
16-->
17<manifest xmlns:android="http://schemas.android.com/apk/res/android"
18    package="lk.ac.mrt.cse.dbs.simpleexpensemanager"
19    android:versionCode="1"
20    android:versionName="1.0" >
21
22    <uses-sdk
23        android:minSdkVersion="19"
23-->src\main\AndroidManifest.xml
24        android:targetSdkVersion="262500" />
24-->src\main\AndroidManifest.xml
25
26    <uses-permission android:name="android.permission.READ_EXTERNAL_STORAGE" />
26-->src\main\AndroidManifest.xml:38:5-80
26-->src\main\AndroidManifest.xml:38:22-77
27
28    <application
28-->src\main\AndroidManifest.xml:21:5-37:19
29        android:allowBackup="true"
29-->src\main\AndroidManifest.xml:22:9-35
30        android:debuggable="true"
31        android:icon="@mipmap/ic_launcher"
31-->src\main\AndroidManifest.xml:23:9-43
32        android:label="@string/app_name"
32-->src\main\AndroidManifest.xml:24:9-41
33        android:supportsRtl="true"
33-->src\main\AndroidManifest.xml:25:9-35
34        android:testOnly="true"
35        android:theme="@style/AppTheme" >
35-->src\main\AndroidManifest.xml:26:9-40
36        <activity
36-->src\main\AndroidManifest.xml:27:9-36:20
37            android:name="lk.ac.mrt.cse.dbs.simpleexpensemanager.ui.MainActivity"
37-->src\main\AndroidManifest.xml:28:13-44
38            android:label="@string/app_name"
38-->src\main\AndroidManifest.xml:29:13-45
39            android:theme="@style/AppTheme.NoActionBar" >
39-->src\main\AndroidManifest.xml:30:13-56
40            <intent-filter>
40-->src\main\AndroidManifest.xml:31:13-35:29
41                <action android:name="android.intent.action.MAIN" />
41-->src\main\AndroidManifest.xml:32:17-68
41-->src\main\AndroidManifest.xml:32:25-66
42
43                <category android:name="android.intent.category.LAUNCHER" />
43-->src\main\AndroidManifest.xml:34:17-76
43-->src\main\AndroidManifest.xml:34:27-74
44            </intent-filter>
45        </activity>
46
47        <meta-data
47-->[com.android.support:design:26.1.0] AndroidManifest.xml:26:9-28:38
48            android:name="android.support.VERSION"
48-->[com.android.support:design:26.1.0] AndroidManifest.xml:27:13-51
49            android:value="26.1.0" />
49-->[com.android.support:design:26.1.0] AndroidManifest.xml:28:13-35
50        <meta-data
50-->[android.arch.lifecycle:runtime:1.0.0] AndroidManifest.xml:25:9-27:47
51            android:name="android.arch.lifecycle.VERSION"
51-->[android.arch.lifecycle:runtime:1.0.0] AndroidManifest.xml:26:13-58
52            android:value="27.0.0-SNAPSHOT" />
52-->[android.arch.lifecycle:runtime:1.0.0] AndroidManifest.xml:27:13-44
53    </application>
54
55</manifest>